-------------------------------------------------------------------------------
Test set: com.teacompliance.service.ComplianceEvaluationEngineOptimizedTest
-------------------------------------------------------------------------------
Tests run: 6, Failures: 3, Errors: 1, Skipped: 0, Time elapsed: 4.615 s <<< FAILURE! -- in com.teacompliance.service.ComplianceEvaluationEngineOptimizedTest
com.teacompliance.service.ComplianceEvaluationEngineOptimizedTest.testShippableCaching -- Time elapsed: 0.051 s <<< FAILURE!
org.opentest4j.AssertionFailedError: expected: <true> but was: <false>
	at org.junit.jupiter.api.AssertionFailureBuilder.build(AssertionFailureBuilder.java:151)
	at org.junit.jupiter.api.AssertionFailureBuilder.buildAndThrow(AssertionFailureBuilder.java:132)
	at org.junit.jupiter.api.AssertTrue.failNotTrue(AssertTrue.java:63)
	at org.junit.jupiter.api.AssertTrue.assertTrue(AssertTrue.java:36)
	at org.junit.jupiter.api.AssertTrue.assertTrue(AssertTrue.java:31)
	at org.junit.jupiter.api.Assertions.assertTrue(Assertions.java:183)
	at com.teacompliance.service.ComplianceEvaluationEngineOptimizedTest.testShippableCaching(ComplianceEvaluationEngineOptimizedTest.java:154)
	at java.base/java.lang.reflect.Method.invoke(Method.java:565)
	at java.base/java.util.ArrayList.forEach(ArrayList.java:1604)
	at java.base/java.util.ArrayList.forEach(ArrayList.java:1604)

com.teacompliance.service.ComplianceEvaluationEngineOptimizedTest.testBlockViolationMakesNotShippable -- Time elapsed: 0.049 s <<< ERROR!
org.mockito.exceptions.misusing.UnnecessaryStubbingException: 

Unnecessary stubbings detected.
Clean & maintainable test code requires zero unnecessary code.
Following stubbings are unnecessary (click to navigate to relevant line of code):
  1. -> at com.teacompliance.service.ComplianceEvaluationEngineOptimizedTest.testBlockViolationMakesNotShippable(ComplianceEvaluationEngineOptimizedTest.java:192)
  2. -> at com.teacompliance.service.ComplianceEvaluationEngineOptimizedTest.testBlockViolationMakesNotShippable(ComplianceEvaluationEngineOptimizedTest.java:193)
  3. -> at com.teacompliance.service.ComplianceEvaluationEngineOptimizedTest.testBlockViolationMakesNotShippable(ComplianceEvaluationEngineOptimizedTest.java:194)
Please remove unnecessary stubbings or use 'lenient' strictness. More info: javadoc for UnnecessaryStubbingException class.
	at org.mockito.junit.jupiter.MockitoExtension.afterEach(MockitoExtension.java:192)
	at java.base/java.util.ArrayList.forEach(ArrayList.java:1604)
	at java.base/java.util.ArrayList.forEach(ArrayList.java:1604)

com.teacompliance.service.ComplianceEvaluationEngineOptimizedTest.testMissingStrategyReturnsError -- Time elapsed: 0.044 s <<< FAILURE!
org.opentest4j.AssertionFailedError: expected: <1> but was: <0>
	at org.junit.jupiter.api.AssertionFailureBuilder.build(AssertionFailureBuilder.java:151)
	at org.junit.jupiter.api.AssertionFailureBuilder.buildAndThrow(AssertionFailureBuilder.java:132)
	at org.junit.jupiter.api.AssertEquals.failNotEqual(AssertEquals.java:197)
	at org.junit.jupiter.api.AssertEquals.assertEquals(AssertEquals.java:150)
	at org.junit.jupiter.api.AssertEquals.assertEquals(AssertEquals.java:145)
	at org.junit.jupiter.api.Assertions.assertEquals(Assertions.java:531)
	at com.teacompliance.service.ComplianceEvaluationEngineOptimizedTest.testMissingStrategyReturnsError(ComplianceEvaluationEngineOptimizedTest.java:229)
	at java.base/java.lang.reflect.Method.invoke(Method.java:565)
	at java.base/java.util.ArrayList.forEach(ArrayList.java:1604)
	at java.base/java.util.ArrayList.forEach(ArrayList.java:1604)

com.teacompliance.service.ComplianceEvaluationEngineOptimizedTest.testStrategyMapInitialization -- Time elapsed: 0.019 s <<< FAILURE!
org.opentest4j.AssertionFailedError: expected: <2> but was: <0>
	at org.junit.jupiter.api.AssertionFailureBuilder.build(AssertionFailureBuilder.java:151)
	at org.junit.jupiter.api.AssertionFailureBuilder.buildAndThrow(AssertionFailureBuilder.java:132)
	at org.junit.jupiter.api.AssertEquals.failNotEqual(AssertEquals.java:197)
	at org.junit.jupiter.api.AssertEquals.assertEquals(AssertEquals.java:150)
	at org.junit.jupiter.api.AssertEquals.assertEquals(AssertEquals.java:145)
	at org.junit.jupiter.api.Assertions.assertEquals(Assertions.java:531)
	at com.teacompliance.service.ComplianceEvaluationEngineOptimizedTest.testStrategyMapInitialization(ComplianceEvaluationEngineOptimizedTest.java:102)
	at java.base/java.lang.reflect.Method.invoke(Method.java:565)
	at java.base/java.util.ArrayList.forEach(ArrayList.java:1604)
	at java.base/java.util.ArrayList.forEach(ArrayList.java:1604)

