-------------------------------------------------------------------------------
Test set: com.teacompliance.integration.TeaComplianceIntegrationTest
-------------------------------------------------------------------------------
Tests run: 5, Failures: 3, Errors: 0, Skipped: 0, Time elapsed: 15.26 s <<< FAILURE! -- in com.teacompliance.integration.TeaComplianceIntegrationTest
com.teacompliance.integration.TeaComplianceIntegrationTest.testNotFoundErrors -- Time elapsed: 0.941 s <<< FAILURE!
java.lang.AssertionError: Status expected:<404> but was:<500>
	at org.springframework.test.util.AssertionErrors.fail(AssertionErrors.java:59)
	at org.springframework.test.util.AssertionErrors.assertEquals(AssertionErrors.java:122)
	at org.springframework.test.web.servlet.result.StatusResultMatchers.lambda$matcher$9(StatusResultMatchers.java:637)
	at org.springframework.test.web.servlet.MockMvc$1.andExpect(MockMvc.java:214)
	at com.teacompliance.integration.TeaComplianceIntegrationTest.testNotFoundErrors(TeaComplianceIntegrationTest.java:211)
	at java.base/java.lang.reflect.Method.invoke(Method.java:565)
	at java.base/java.util.ArrayList.forEach(ArrayList.java:1604)
	at java.base/java.util.ArrayList.forEach(ArrayList.java:1604)

com.teacompliance.integration.TeaComplianceIntegrationTest.testMultipleTeaLots_SearchAndFilter -- Time elapsed: 0.332 s <<< FAILURE!
java.lang.AssertionError: Status expected:<200> but was:<500>
	at org.springframework.test.util.AssertionErrors.fail(AssertionErrors.java:59)
	at org.springframework.test.util.AssertionErrors.assertEquals(AssertionErrors.java:122)
	at org.springframework.test.web.servlet.result.StatusResultMatchers.lambda$matcher$9(StatusResultMatchers.java:637)
	at org.springframework.test.web.servlet.MockMvc$1.andExpect(MockMvc.java:214)
	at com.teacompliance.integration.TeaComplianceIntegrationTest.testMultipleTeaLots_SearchAndFilter(TeaComplianceIntegrationTest.java:151)
	at java.base/java.lang.reflect.Method.invoke(Method.java:565)
	at java.base/java.util.ArrayList.forEach(ArrayList.java:1604)
	at java.base/java.util.ArrayList.forEach(ArrayList.java:1604)

com.teacompliance.integration.TeaComplianceIntegrationTest.testCompleteWorkflow_Success -- Time elapsed: 0.065 s <<< FAILURE!
java.lang.AssertionError: Status expected:<200> but was:<500>
	at org.springframework.test.util.AssertionErrors.fail(AssertionErrors.java:59)
	at org.springframework.test.util.AssertionErrors.assertEquals(AssertionErrors.java:122)
	at org.springframework.test.web.servlet.result.StatusResultMatchers.lambda$matcher$9(StatusResultMatchers.java:637)
	at org.springframework.test.web.servlet.MockMvc$1.andExpect(MockMvc.java:214)
	at com.teacompliance.integration.TeaComplianceIntegrationTest.testCompleteWorkflow_Success(TeaComplianceIntegrationTest.java:87)
	at java.base/java.lang.reflect.Method.invoke(Method.java:565)
	at java.base/java.util.ArrayList.forEach(ArrayList.java:1604)
	at java.base/java.util.ArrayList.forEach(ArrayList.java:1604)

