-------------------------------------------------------------------------------
Test set: com.teacompliance.service.ComplianceEvaluationEngineOptimizedTest
-------------------------------------------------------------------------------
Tests run: 6, Failures: 4, Errors: 0, Skipped: 0, Time elapsed: 3.117 s <<< FAILURE! -- in com.teacompliance.service.ComplianceEvaluationEngineOptimizedTest
com.teacompliance.service.ComplianceEvaluationEngineOptimizedTest.testShippableCaching -- Time elapsed: 0.045 s <<< FAILURE!
org.opentest4j.AssertionFailedError: expected: <true> but was: <false>
	at org.junit.jupiter.api.AssertionFailureBuilder.build(AssertionFailureBuilder.java:151)
	at org.junit.jupiter.api.AssertionFailureBuilder.buildAndThrow(AssertionFailureBuilder.java:132)
	at org.junit.jupiter.api.AssertTrue.failNotTrue(AssertTrue.java:63)
	at org.junit.jupiter.api.AssertTrue.assertTrue(AssertTrue.java:36)
	at org.junit.jupiter.api.AssertTrue.assertTrue(AssertTrue.java:31)
	at org.junit.jupiter.api.Assertions.assertTrue(Assertions.java:183)
	at com.teacompliance.service.ComplianceEvaluationEngineOptimizedTest.testShippableCaching(ComplianceEvaluationEngineOptimizedTest.java:158)
	at java.base/java.lang.reflect.Method.invoke(Method.java:565)
	at java.base/java.util.ArrayList.forEach(ArrayList.java:1604)
	at java.base/java.util.ArrayList.forEach(ArrayList.java:1604)

com.teacompliance.service.ComplianceEvaluationEngineOptimizedTest.testBlockViolationMakesNotShippable -- Time elapsed: 0.080 s <<< FAILURE!
Wanted but not invoked:
strategy1.getSupportedRuleType();
-> at com.teacompliance.service.ComplianceEvaluationEngineOptimizedTest.testBlockViolationMakesNotShippable(ComplianceEvaluationEngineOptimizedTest.java:215)
Actually, there were zero interactions with this mock.

	at com.teacompliance.service.ComplianceEvaluationEngineOptimizedTest.testBlockViolationMakesNotShippable(ComplianceEvaluationEngineOptimizedTest.java:215)
	at java.base/java.lang.reflect.Method.invoke(Method.java:565)
	at java.base/java.util.ArrayList.forEach(ArrayList.java:1604)
	at java.base/java.util.ArrayList.forEach(ArrayList.java:1604)

com.teacompliance.service.ComplianceEvaluationEngineOptimizedTest.testMissingStrategyReturnsError -- Time elapsed: 0.012 s <<< FAILURE!
org.opentest4j.AssertionFailedError: expected: <1> but was: <0>
	at org.junit.jupiter.api.AssertionFailureBuilder.build(AssertionFailureBuilder.java:151)
	at org.junit.jupiter.api.AssertionFailureBuilder.buildAndThrow(AssertionFailureBuilder.java:132)
	at org.junit.jupiter.api.AssertEquals.failNotEqual(AssertEquals.java:197)
	at org.junit.jupiter.api.AssertEquals.assertEquals(AssertEquals.java:150)
	at org.junit.jupiter.api.AssertEquals.assertEquals(AssertEquals.java:145)
	at org.junit.jupiter.api.Assertions.assertEquals(Assertions.java:531)
	at com.teacompliance.service.ComplianceEvaluationEngineOptimizedTest.testMissingStrategyReturnsError(ComplianceEvaluationEngineOptimizedTest.java:239)
	at java.base/java.lang.reflect.Method.invoke(Method.java:565)
	at java.base/java.util.ArrayList.forEach(ArrayList.java:1604)
	at java.base/java.util.ArrayList.forEach(ArrayList.java:1604)

com.teacompliance.service.ComplianceEvaluationEngineOptimizedTest.testStrategyMapInitialization -- Time elapsed: 0.011 s <<< FAILURE!
org.opentest4j.AssertionFailedError: expected: <2> but was: <0>
	at org.junit.jupiter.api.AssertionFailureBuilder.build(AssertionFailureBuilder.java:151)
	at org.junit.jupiter.api.AssertionFailureBuilder.buildAndThrow(AssertionFailureBuilder.java:132)
	at org.junit.jupiter.api.AssertEquals.failNotEqual(AssertEquals.java:197)
	at org.junit.jupiter.api.AssertEquals.assertEquals(AssertEquals.java:150)
	at org.junit.jupiter.api.AssertEquals.assertEquals(AssertEquals.java:145)
	at org.junit.jupiter.api.Assertions.assertEquals(Assertions.java:531)
	at com.teacompliance.service.ComplianceEvaluationEngineOptimizedTest.testStrategyMapInitialization(ComplianceEvaluationEngineOptimizedTest.java:102)
	at java.base/java.lang.reflect.Method.invoke(Method.java:565)
	at java.base/java.util.ArrayList.forEach(ArrayList.java:1604)
	at java.base/java.util.ArrayList.forEach(ArrayList.java:1604)

